[    0.000000] Linux version 4.15.0-60-generic (buildd@lgw01-amd64-030) (gcc version 7.4.0 (Ubuntu 7.4.0-1ubuntu1~18.04.1)) #67-Ubuntu SMP Thu Aug 22 16:55:30 UTC 2019 (Ubuntu 4.15.0-60.67-generic 4.15.18)
[    0.000000] Command line: BOOT_IMAGE=/boot/vmlinuz-4.15.0-60-generic root=LABEL=cloudimg-rootfs ro console=tty1 console=ttyS0
[    0.000000] KERNEL supported cpus:
[    0.000000]   Intel GenuineIntel
[    0.000000]   AMD AuthenticAMD
[    0.000000]   Centaur CentaurHauls
[    0.000000] x86/fpu: Supporting XSAVE feature 0x001: 'x87 floating point registers'
[    0.000000] x86/fpu: Supporting XSAVE feature 0x002: 'SSE registers'
[    0.000000] x86/fpu: Supporting XSAVE feature 0x004: 'AVX registers'
[    0.000000] x86/fpu: xstate_offset[2]:  576, xstate_sizes[2]:  256
[    0.000000] x86/fpu: Enabled xstate features 0x7, context size is 832 bytes, using 'standard' format.
[    0.000000] e820: BIOS-provided physical RAM map:
[    0.000000] BIOS-e820: [mem 0x0000000000000000-0x000000000009fbff] usable
[    0.000000] BIOS-e820: [mem 0x000000000009fc00-0x000000000009ffff] reserved
[    0.000000] BIOS-e820: [mem 0x00000000000f0000-0x00000000000fffff] reserved
[    0.000000] BIOS-e820: [mem 0x0000000000100000-0x000000003ffeffff] usable
[    0.000000] BIOS-e820: [mem 0x000000003fff0000-0x000000003fffffff] ACPI data
[    0.000000] BIOS-e820: [mem 0x00000000fec00000-0x00000000fec00fff] reserved
[    0.000000] BIOS-e820: [mem 0x00000000fee00000-0x00000000fee00fff] reserved
[    0.000000] BIOS-e820: [mem 0x00000000fffc0000-0x00000000ffffffff] reserved
[    0.000000] NX (Execute Disable) protection: active
[    0.000000] SMBIOS 2.5 present.
[    0.000000] DMI: innotek GmbH VirtualBox/VirtualBox, BIOS VirtualBox 12/01/2006
[    0.000000] Hypervisor detected: KVM
[    0.000000] e820: last_pfn = 0x3fff0 max_arch_pfn = 0x400000000
[    0.000000] MTRR: Disabled
[    0.000000] x86/PAT: MTRRs disabled, skipping PAT initialization too.
[    0.000000] CPU MTRRs all blank - virtualized system.
[    0.000000] x86/PAT: Configuration [0-7]: WB  WT  UC- UC  WB  WT  UC- UC  
[    0.000000] found SMP MP-table at [mem 0x0009fff0-0x0009ffff]
[    0.000000] Scanning 1 areas for low memory corruption
[    0.000000] RAMDISK: [mem 0x35a8b000-0x36d3cfff]
[    0.000000] ACPI: Early table checksum verification disabled
[    0.000000] ACPI: RSDP 0x00000000000E0000 000024 (v02 VBOX  )
[    0.000000] ACPI: XSDT 0x000000003FFF0030 00003C (v01 VBOX   VBOXXSDT 00000001 ASL  00000061)
[    0.000000] ACPI: FACP 0x000000003FFF00F0 0000F4 (v04 VBOX   VBOXFACP 00000001 ASL  00000061)
[    0.000000] ACPI: DSDT 0x000000003FFF0470 0022EA (v02 VBOX   VBOXBIOS 00000002 INTL 20100528)
[    0.000000] ACPI: FACS 0x000000003FFF0200 000040
[    0.000000] ACPI: FACS 0x000000003FFF0200 000040
[    0.000000] ACPI: APIC 0x000000003FFF0240 00005C (v02 VBOX   VBOXAPIC 00000001 ASL  00000061)
[    0.000000] ACPI: SSDT 0x000000003FFF02A0 0001CC (v01 VBOX   VBOXCPUT 00000002 INTL 20100528)
[    0.000000] No NUMA configuration found
[    0.000000] Faking a node at [mem 0x0000000000000000-0x000000003ffeffff]
[    0.000000] NODE_DATA(0) allocated [mem 0x3ffc5000-0x3ffeffff]
[    0.000000] kvm-clock: cpu 0, msr 0:3ff44001, primary cpu clock
[    0.000000] kvm-clock: Using msrs 4b564d01 and 4b564d00
[    0.000000] kvm-clock: using sched offset of 3757328990 cycles
[    0.000000] clocksource: kvm-clock: mask: 0xffffffffffffffff max_cycles: 0x1cd42e4dffb, max_idle_ns: 881590591483 ns
[    0.000000] Zone ranges:
[    0.000000]   DMA      [mem 0x0000000000001000-0x0000000000ffffff]
[    0.000000]   DMA32    [mem 0x0000000001000000-0x000000003ffeffff]
[    0.000000]   Normal   empty
[    0.000000]   Device   empty
[    0.000000] Movable zone start for each node
[    0.000000] Early memory node ranges
[    0.000000]   node   0: [mem 0x0000000000001000-0x000000000009efff]
[    0.000000]   node   0: [mem 0x0000000000100000-0x000000003ffeffff]
[    0.000000] Reserved but unavailable: 98 pages
[    0.000000] Initmem setup node 0 [mem 0x0000000000001000-0x000000003ffeffff]
[    0.000000] ACPI: PM-Timer IO Port: 0x4008
[    0.000000] IOAPIC[0]: apic_id 2, version 32, address 0xfec00000, GSI 0-23
[    0.000000] ACPI: INT_SRC_OVR (bus 0 bus_irq 0 global_irq 2 dfl dfl)
[    0.000000] ACPI: INT_SRC_OVR (bus 0 bus_irq 9 global_irq 9 low level)
[    0.000000] Using ACPI (MADT) for SMP configuration information
[    0.000000] smpboot: Allowing 2 CPUs, 0 hotplug CPUs
[    0.000000] PM: Registered nosave memory: [mem 0x00000000-0x00000fff]
[    0.000000] PM: Registered nosave memory: [mem 0x0009f000-0x0009ffff]
[    0.000000] PM: Registered nosave memory: [mem 0x000a0000-0x000effff]
[    0.000000] PM: Registered nosave memory: [mem 0x000f0000-0x000fffff]
[    0.000000] e820: [mem 0x40000000-0xfebfffff] available for PCI devices
[    0.000000] Booting paravirtualized kernel on KVM
[    0.000000] clocksource: refined-jiffies: mask: 0xffffffff max_cycles: 0xffffffff, max_idle_ns: 7645519600211568 ns
[    0.000000] random: get_random_bytes called from start_kernel+0x99/0x4fd with crng_init=0
[    0.000000] setup_percpu: NR_CPUS:8192 nr_cpumask_bits:2 nr_cpu_ids:2 nr_node_ids:1
[    0.000000] percpu: Embedded 46 pages/cpu s151552 r8192 d28672 u1048576
[    0.000000] PV qspinlock hash table entries: 256 (order: 0, 4096 bytes)
[    0.000000] Built 1 zonelists, mobility grouping on.  Total pages: 257913
[    0.000000] Policy zone: DMA32
[    0.000000] Kernel command line: BOOT_IMAGE=/boot/vmlinuz-4.15.0-60-generic root=LABEL=cloudimg-rootfs ro console=tty1 console=ttyS0
[    0.000000] Memory: 983440K/1048120K available (12300K kernel code, 2481K rwdata, 4172K rodata, 2436K init, 2384K bss, 64680K reserved, 0K cma-reserved)
[    0.000000] SLUB: HWalign=64, Order=0-3, MinObjects=0, CPUs=2, Nodes=1
[    0.000000] Kernel/User page tables isolation: enabled
[    0.000000] ftrace: allocating 39306 entries in 154 pages
[    0.004000] Hierarchical RCU implementation.
[    0.004000] 	RCU restricting CPUs from NR_CPUS=8192 to nr_cpu_ids=2.
[    0.004000] 	Tasks RCU enabled.
[    0.004000] RCU: Adjusting geometry for rcu_fanout_leaf=16, nr_cpu_ids=2
[    0.004000] NR_IRQS: 524544, nr_irqs: 440, preallocated irqs: 16
[    0.004000] Console: colour VGA+ 80x25
[    0.004000] console [tty1] enabled
[    0.004000] console [ttyS0] enabled
[    0.004000] ACPI: Core revision 20170831
[    0.004000] ACPI: 2 ACPI AML tables successfully acquired and loaded
[    0.004000] APIC: Switch to symmetric I/O mode setup
[    0.004000] x2apic enabled
[    0.004000] Switched APIC routing to physical x2apic.
[    0.004000] ..TIMER: vector=0x30 apic1=0 pin1=2 apic2=-1 pin2=-1
[    0.004004] tsc: Detected 2304.000 MHz processor
[    0.004925] Calibrating delay loop (skipped) preset value.. 4608.00 BogoMIPS (lpj=9216000)
[    0.005644] pid_max: default: 32768 minimum: 301
[    0.008028] Security Framework initialized
[    0.009381] Yama: becoming mindful.
[    0.010524] AppArmor: AppArmor initialized
[    0.013568] Dentry cache hash table entries: 131072 (order: 8, 1048576 bytes)
[    0.016055] Inode-cache hash table entries: 65536 (order: 7, 524288 bytes)
[    0.017433] Mount-cache hash table entries: 2048 (order: 2, 16384 bytes)
[    0.018878] Mountpoint-cache hash table entries: 2048 (order: 2, 16384 bytes)
[    0.020219] Last level iTLB entries: 4KB 64, 2MB 8, 4MB 8
[    0.021294] Last level dTLB entries: 4KB 64, 2MB 0, 4MB 0, 1GB 4
[    0.022466] Spectre V1 : Mitigation: usercopy/swapgs barriers and __user pointer sanitization
[    0.024002] Spectre V2 : Mitigation: Full generic retpoline
[    0.025093] Spectre V2 : Spectre v2 / SpectreRSB mitigation: Filling RSB on context switch
[    0.028004] Speculative Store Bypass: Vulnerable
[    0.029261] MDS: Mitigation: Clear CPU buffers
[    0.030721] Freeing SMP alternatives memory: 36K
[    0.036000] APIC calibration not consistent with PM-Timer: 108ms instead of 100ms
[    0.036000] APIC delta adjusted to PM-Timer: 6248250 (6786594)
[    0.036108] smpboot: CPU0: Intel(R) Core(TM) i5-7360U CPU @ 2.30GHz (family: 0x6, model: 0x8e, stepping: 0x9)
[    0.039707] Performance Events: unsupported p6 CPU model 142 no PMU driver, software events only.
[    0.040073] Hierarchical SRCU implementation.
[    0.042345] NMI watchdog: Perf event create on CPU 0 failed with -2
[    0.044002] NMI watchdog: Perf NMI watchdog permanently disabled
[    0.045229] smp: Bringing up secondary CPUs ...
[    0.046213] x86: Booting SMP configuration:
[    0.048002] .... node  #0, CPUs:      #1
[    0.004000] kvm-clock: cpu 1, msr 0:3ff44041, secondary cpu clock
[    0.055115] smp: Brought up 1 node, 2 CPUs
[    0.056006] smpboot: Max logical packages: 1
[    0.057252] smpboot: Total of 2 processors activated (9216.00 BogoMIPS)
[    0.060003] devtmpfs: initialized
[    0.060737] x86/mm: Memory block size: 128MB
[    0.061758] evm: security.selinux
[    0.062488] evm: security.SMACK64
[    0.063176] evm: security.SMACK64EXEC
[    0.064006] evm: security.SMACK64TRANSMUTE
[    0.064839] evm: security.SMACK64MMAP
[    0.065586] evm: security.apparmor
[    0.066288] evm: security.ima
[    0.066969] evm: security.capability
[    0.068077] clocksource: jiffies: mask: 0xffffffff max_cycles: 0xffffffff, max_idle_ns: 7645041785100000 ns
[    0.070385] futex hash table entries: 512 (order: 3, 32768 bytes)
[    0.073343] pinctrl core: initialized pinctrl subsystem
[    0.076019] RTC time: 22:20:54, date: 09/16/19
[    0.077216] NET: Registered protocol family 16
[    0.078923] audit: initializing netlink subsys (disabled)
[    0.080033] audit: type=2000 audit(1568672459.231:1): state=initialized audit_enabled=0 res=1
[    0.082136] cpuidle: using governor ladder
[    0.082136] cpuidle: using governor menu
[    0.084038] ACPI: bus type PCI registered
[    0.084900] acpiphp: ACPI Hot Plug PCI Controller Driver version: 0.5
[    0.086261] PCI: Using configuration type 1 for base access
[    0.088947] HugeTLB registered 2.00 MiB page size, pre-allocated 0 pages
[    0.090010] ACPI: Added _OSI(Module Device)
[    0.092007] ACPI: Added _OSI(Processor Device)
[    0.093028] ACPI: Added _OSI(3.0 _SCP Extensions)
[    0.093973] ACPI: Added _OSI(Processor Aggregator Device)
[    0.096003] ACPI: Added _OSI(Linux-Dell-Video)
[    0.096897] ACPI: Added _OSI(Linux-Lenovo-NV-HDMI-Audio)
[    0.097949] ACPI: Added _OSI(Linux-HPI-Hybrid-Graphics)
[    0.100132] ACPI: Executed 1 blocks of module-level executable AML code
[    0.106988] ACPI: Interpreter enabled
[    0.108026] ACPI: (supports S0 S5)
[    0.109100] ACPI: Using IOAPIC for interrupt routing
[    0.112207] PCI: Using host bridge windows from ACPI; if necessary, use "pci=nocrs" and report a bug
[    0.116225] ACPI: Enabled 2 GPEs in block 00 to 07
[    0.124228] ACPI: PCI Root Bridge [PCI0] (domain 0000 [bus 00-ff])
[    0.125872] acpi PNP0A03:00: _OSC: OS supports [ASPM ClockPM Segments MSI]
[    0.128132] acpi PNP0A03:00: _OSC: not requesting OS control; OS requires [ExtendedConfig ASPM ClockPM MSI]
[    0.130921] acpi PNP0A03:00: fail to add MMCONFIG information, can't access extended PCI configuration space under this bridge.
[    0.132467] PCI host bridge to bus 0000:00
[    0.136005] pci_bus 0000:00: root bus resource [io  0x0000-0x0cf7 window]
[    0.137811] pci_bus 0000:00: root bus resource [io  0x0d00-0xffff window]
[    0.140006] pci_bus 0000:00: root bus resource [mem 0x000a0000-0x000bffff window]
[    0.142122] pci_bus 0000:00: root bus resource [mem 0x40000000-0xfdffffff window]
[    0.144007] pci_bus 0000:00: root bus resource [bus 00-ff]
[    0.150214] pci 0000:00:01.1: legacy IDE quirk: reg 0x10: [io  0x01f0-0x01f7]
[    0.152007] pci 0000:00:01.1: legacy IDE quirk: reg 0x14: [io  0x03f6]
[    0.156007] pci 0000:00:01.1: legacy IDE quirk: reg 0x18: [io  0x0170-0x0177]
[    0.160003] pci 0000:00:01.1: legacy IDE quirk: reg 0x1c: [io  0x0376]
[    0.176315] pci 0000:00:07.0: quirk: [io  0x4000-0x403f] claimed by PIIX4 ACPI
[    0.178136] pci 0000:00:07.0: quirk: [io  0x4100-0x410f] claimed by PIIX4 SMB
[    0.190430] ACPI: PCI Interrupt Link [LNKA] (IRQs 5 9 10 *11)
[    0.192282] ACPI: PCI Interrupt Link [LNKB] (IRQs 5 9 *10 11)
[    0.193538] ACPI: PCI Interrupt Link [LNKC] (IRQs 5 *9 10 11)
[    0.194925] ACPI: PCI Interrupt Link [LNKD] (IRQs 5 9 10 *11)
[    0.196376] SCSI subsystem initialized
[    0.197614] pci 0000:00:02.0: vgaarb: setting as boot VGA device
[    0.197724] pci 0000:00:02.0: vgaarb: VGA device added: decodes=io+mem,owns=io+mem,locks=none
[    0.200009] pci 0000:00:02.0: vgaarb: bridge control possible
[    0.201188] vgaarb: loaded
[    0.204042] ACPI: bus type USB registered
[    0.204878] usbcore: registered new interface driver usbfs
[    0.206422] usbcore: registered new interface driver hub
[    0.208020] usbcore: registered new device driver usb
[    0.209581] EDAC MC: Ver: 3.0.0
[    0.212016] PCI: Using ACPI for IRQ routing
[    0.214588] NetLabel: Initializing
[    0.216004] NetLabel:  domain hash size = 128
[    0.217386] NetLabel:  protocols = UNLABELED CIPSOv4 CALIPSO
[    0.219127] NetLabel:  unlabeled traffic allowed by default
[    0.220111] clocksource: Switched to clocksource kvm-clock
[    0.234499] VFS: Disk quotas dquot_6.6.0
[    0.236099] VFS: Dquot-cache hash table entries: 512 (order 0, 4096 bytes)
[    0.238664] AppArmor: AppArmor Filesystem Enabled
[    0.239908] pnp: PnP ACPI init
[    0.241955] pnp: PnP ACPI: found 3 devices
[    0.251993] clocksource: acpi_pm: mask: 0xffffff max_cycles: 0xffffff, max_idle_ns: 2085701024 ns
[    0.255104] NET: Registered protocol family 2
[    0.257447] TCP established hash table entries: 8192 (order: 4, 65536 bytes)
[    0.259290] TCP bind hash table entries: 8192 (order: 5, 131072 bytes)
[    0.260705] TCP: Hash tables configured (established 8192 bind 8192)
[    0.262768] UDP hash table entries: 512 (order: 2, 16384 bytes)
[    0.264533] UDP-Lite hash table entries: 512 (order: 2, 16384 bytes)
[    0.265838] NET: Registered protocol family 1
[    0.267019] pci 0000:00:00.0: Limiting direct PCI/PCI transfers
[    0.269572] pci 0000:00:01.0: Activating ISA DMA hang workarounds
[    0.270822] pci 0000:00:02.0: Video device with shadowed ROM at [mem 0x000c0000-0x000dffff]
[    0.272604] Unpacking initramfs...
[    1.085005] Freeing initrd memory: 19144K
[    1.086341] clocksource: tsc: mask: 0xffffffffffffffff max_cycles: 0x2135f7c97c8, max_idle_ns: 440795273205 ns
[    1.089499] platform rtc_cmos: registered platform RTC device (no PNP device found)
[    1.093578] Scanning for low memory corruption every 60 seconds
[    1.095407] Initialise system trusted keyrings
[    1.096609] Key type blacklist registered
[    1.097512] workingset: timestamp_bits=36 max_order=18 bucket_order=0
[    1.100055] zbud: loaded
[    1.101393] squashfs: version 4.0 (2009/01/31) Phillip Lougher
[    1.102883] fuse init (API version 7.26)
[    1.106345] Key type asymmetric registered
[    1.108177] Asymmetric key parser 'x509' registered
[    1.109674] Block layer SCSI generic (bsg) driver version 0.4 loaded (major 246)
[    1.112111] io scheduler noop registered
[    1.112916] io scheduler deadline registered
[    1.114220] io scheduler cfq registered (default)
[    1.116041] ACPI: AC Adapter [AC] (off-line)
[    1.117032] input: Power Button as /devices/LNXSYSTM:00/LNXPWRBN:00/input/input0
[    1.118716] ACPI: Power Button [PWRF]
[    1.119542] input: Sleep Button as /devices/LNXSYSTM:00/LNXSLPBN:00/input/input1
[    1.121373] ACPI: Sleep Button [SLPF]
[    1.125087] ACPI: Battery Slot [BAT0] (battery present)
[    1.126654] Serial: 8250/16550 driver, 32 ports, IRQ sharing enabled
[    1.151019] 00:02: ttyS0 at I/O 0x3f8 (irq = 4, base_baud = 115200) is a 16550A
[    1.163298] Linux agpgart interface v0.103
[    1.166743] loop: module loaded
[    1.168712] scsi host0: ata_piix
[    1.170866] scsi host1: ata_piix
[    1.173255] ata1: PATA max UDMA/33 cmd 0x1f0 ctl 0x3f6 bmdma 0xd000 irq 14
[    1.177375] ata2: PATA max UDMA/33 cmd 0x170 ctl 0x376 bmdma 0xd008 irq 15
[    1.180631] libphy: Fixed MDIO Bus: probed
[    1.182178] tun: Universal TUN/TAP device driver, 1.6
[    1.184296] PPP generic driver version 2.4.2
[    1.186475] ehci_hcd: USB 2.0 'Enhanced' Host Controller (EHCI) Driver
[    1.188717] ehci-pci: EHCI PCI platform driver
[    1.190836] ehci-platform: EHCI generic platform driver
[    1.193687] ohci_hcd: USB 1.1 'Open' Host Controller (OHCI) Driver
[    1.195744] ohci-pci: OHCI PCI platform driver
[    1.196917] ohci-platform: OHCI generic platform driver
[    1.198608] uhci_hcd: USB Universal Host Controller Interface driver
[    1.200727] i8042: PNP: PS/2 Controller [PNP0303:PS2K,PNP0f03:PS2M] at 0x60,0x64 irq 1,12
[    1.203791] serio: i8042 KBD port at 0x60,0x64 irq 1
[    1.205409] serio: i8042 AUX port at 0x60,0x64 irq 12
[    1.207509] mousedev: PS/2 mouse device common for all mice
[    1.209634] input: AT Translated Set 2 keyboard as /devices/platform/i8042/serio0/input/input2
[    1.213233] rtc_cmos rtc_cmos: rtc core: registered rtc_cmos as rtc0
[    1.216486] rtc_cmos rtc_cmos: alarms up to one day, 114 bytes nvram
[    1.219051] i2c /dev entries driver
[    1.219852] device-mapper: uevent: version 1.0.3
[    1.221204] device-mapper: ioctl: 4.37.0-ioctl (2017-09-20) initialised: dm-devel@redhat.com
[    1.224038] ledtrig-cpu: registered to indicate activity on CPUs
[    1.226873] NET: Registered protocol family 10
[    1.233796] Segment Routing with IPv6
[    1.235003] NET: Registered protocol family 17
[    1.236003] Key type dns_resolver registered
[    1.237582] mce: Using 0 MCE banks
[    1.238512] RAS: Correctable Errors collector initialized.
[    1.240019] sched_clock: Marking stable (1237559656, 0)->(1567066896, -329507240)
[    1.244070] registered taskstats version 1
[    1.244920] Loading compiled-in X.509 certificates
[    1.247923] Loaded X.509 cert 'Build time autogenerated kernel key: 9d88e3c0462fa0d2df2917e8bbfdfdd1c55d8ddc'
[    1.250697] zswap: loaded using pool lzo/zbud
[    1.259011] Key type big_key registered
[    1.260363] Key type trusted registered
[    1.263399] Key type encrypted registered
[    1.264871] AppArmor: AppArmor sha1 policy hashing enabled
[    1.266365] ima: No TPM chip found, activating TPM-bypass! (rc=-19)
[    1.268043] ima: Allocated hash algorithm: sha1
[    1.269289] evm: HMAC attrs: 0x1
[    1.270610]   Magic number: 3:826:350
[    1.271647] rtc_cmos rtc_cmos: setting system clock to 2019-09-16 22:20:55 UTC (1568672455)
[    1.274678] BIOS EDD facility v0.16 2004-Jun-25, 0 devices found
[    1.276521] EDD information not available.
[    1.344688] Freeing unused kernel image memory: 2436K
[    1.368184] Write protecting the kernel read-only data: 20480k
[    1.371126] Freeing unused kernel image memory: 2008K
[    1.372956] Freeing unused kernel image memory: 1972K
[    1.380634] x86/mm: Checked W+X mappings: passed, no W+X pages found.
[    1.382450] x86/mm: Checking user space page tables
[    1.388109] x86/mm: Checked W+X mappings: passed, no W+X pages found.
Loading, please wait...
starting version 237
[    1.470120] e1000: Intel(R) PRO/1000 Network Driver - version 7.3.21-k8-NAPI
[    1.472752] e1000: Copyright (c) 1999-2006 Intel Corporation.
[    1.478473] Fusion MPT base driver 3.04.20
[    1.479407] Copyright (c) 1999-2008 LSI Corporation
[    1.483954] Fusion MPT SPI Host driver 3.04.20
[    1.503410] AVX2 version of gcm_enc/dec engaged.
[    1.506376] AES CTR mode by8 optimization enabled
[    1.689250] input: ImExPS/2 Generic Explorer Mouse as /devices/platform/i8042/serio1/input/input4
[    1.939520] e1000 0000:00:03.0 eth0: (PCI:33MHz:32-bit) 02:76:54:76:58:75
[    1.941902] e1000 0000:00:03.0 eth0: Intel(R) PRO/1000 Network Connection
[    1.944951] mptbase: ioc0: Initiating bringup
[    2.064568] ioc0: LSI53C1030 A0: Capabilities={Initiator}
[    2.370211] scsi host2: ioc0: LSI53C1030 A0, FwRev=00000000h, Ports=1, MaxQ=256, IRQ=20
[    2.542006] scsi 2:0:0:0: Direct-Access     VBOX     HARDDISK         1.0  PQ: 0 ANSI: 5
[    2.595351] scsi target2:0:0: Beginning Domain Validation
[    2.599155] scsi target2:0:0: Domain Validation skipping write tests
[    2.601234] scsi target2:0:0: Ending Domain Validation
[    2.602919] scsi target2:0:0: asynchronous
[    2.604631] scsi 2:0:1:0: Direct-Access     VBOX     HARDDISK         1.0  PQ: 0 ANSI: 5
[    2.960244] scsi target2:0:1: Beginning Domain Validation
[    2.963620] random: fast init done
[    2.965078] scsi target2:0:1: Domain Validation skipping write tests
[    2.970154] scsi target2:0:1: Ending Domain Validation
[    2.972097] scsi target2:0:1: asynchronous
[    2.978744] random: systemd-udevd: uninitialized urandom read (16 bytes read)
[    2.981277] random: systemd-udevd: uninitialized urandom read (16 bytes read)
[    2.983575] random: systemd-udevd: uninitialized urandom read (16 bytes read)
[    2.986641] sd 2:0:0:0: Attached scsi generic sg0 type 0
[    2.988970] sd 2:0:1:0: Attached scsi generic sg1 type 0
[    2.991190] sd 2:0:1:0: [sdb] 20480 512-byte logical blocks: (10.5 MB/10.0 MiB)
[    2.993745] sd 2:0:1:0: [sdb] Write Protect is off
[    2.996994] sd 2:0:1:0: [sdb] Incomplete mode parameter data
[    2.998877] sd 2:0:1:0: [sdb] Assuming drive cache: write through
[    3.002748] sd 2:0:1:0: [sdb] Attached SCSI disk
[    3.007889] sd 2:0:0:0: [sda] 20971520 512-byte logical blocks: (10.7 GB/10.0 GiB)
[    3.012212] sd 2:0:0:0: [sda] Write Protect is off
[    3.014956] sd 2:0:0:0: [sda] Incomplete mode parameter data
[    3.016856] sd 2:0:0:0: [sda] Assuming drive cache: write through
[    3.020084]  sda: sda1
[    3.021659] sd 2:0:0:0: [sda] Attached SCSI disk
[    3.220002] e1000 0000:00:08.0 eth1: (PCI:33MHz:32-bit) 08:00:27:77:0a:6f
[    3.222414] e1000 0000:00:08.0 eth1: Intel(R) PRO/1000 Network Connection
[    3.226907] e1000 0000:00:03.0 enp0s3: renamed from eth0
[    3.245045] e1000 0000:00:08.0 enp0s8: renamed from eth1
Begin: Loading essential drivers ... [    4.761042] raid6: sse2x1   gen() 11650 MB/s
[    4.808176] raid6: sse2x1   xor()  8444 MB/s
[    4.856605] raid6: sse2x2   gen() 15202 MB/s
[    4.904728] raid6: sse2x2   xor()  9266 MB/s
[    4.954849] raid6: sse2x4   gen() 17557 MB/s
[    5.004139] raid6: sse2x4   xor()  9819 MB/s
[    5.052560] raid6: avx2x1   gen() 21755 MB/s
[    5.100571] raid6: avx2x1   xor() 15718 MB/s
[    5.148495] raid6: avx2x2   gen() 27787 MB/s
[    5.196072] raid6: avx2x2   xor() 16355 MB/s
[    5.244209] raid6: avx2x4   gen() 14639 MB/s
[    5.293076] raid6: avx2x4   xor() 16328 MB/s
[    5.294384] raid6: using algorithm avx2x2 gen() 27787 MB/s
[    5.296371] raid6: .... xor() 16355 MB/s, rmw enabled
[    5.297859] raid6: using avx2x2 recovery algorithm
[    5.300547] xor: automatically using best checksumming function   avx       
[    5.304033] async_tx: api initialized (async)
done.
Begin: Running /scripts/init-premount ... done.
Begin: Mounting root file system ... Begin: Running /scripts/local-top ... done.
Begin: Running /scripts/local-premount ... [    5.346423] Btrfs loaded, crc32c=crc32c-intel
Scanning for Btrfs filesystems
done.
Warning: fsck not present, so skipping root file system
[    5.400600] EXT4-fs (sda1): mounted filesystem with ordered data mode. Opts: (null)
done.
Begin: Running /scripts/local-bottom ... done.
Begin: Running /scripts/init-bottom ... done.
[    6.285068] ip_tables: (C) 2000-2006 Netfilter Core Team
[    6.402477] systemd[1]: systemd 237 running in system mode. (+PAM +AUDIT +SELINUX +IMA +APPARMOR +SMACK +SYSVINIT +UTMP +LIBCRYPTSETUP +GCRYPT +GNUTLS +ACL +XZ +LZ4 +SECCOMP +BLKID +ELFUTILS +KMOD -IDN2 +IDN -PCRE2 default-hierarchy=hybrid)
[    6.407414] systemd[1]: Detected virtualization oracle.
[    6.408661] systemd[1]: Detected architecture x86-64.

Welcome to [1mUbuntu 18.04.3 LTS[0m!

[    6.419801] systemd[1]: Set hostname to <ubuntu>.
[    6.425639] systemd[1]: Initializing machine ID from random generator.
[    6.427102] systemd[1]: Installed transient /etc/machine-id file.
[    6.936447] systemd[1]: Reached target User and Group Name Lookups.
[[0;32m  OK  [0m] Reached target User and Group Name Lookups.
[    6.939028] systemd[1]: Set up automount Arbitrary Executable File Formats File System Automount Point.
[[0;32m  OK  [0m] Set up automount Arbitrary Executab…rmats File System Automount Point.
[    6.947858] systemd[1]: Created slice System Slice.
[[0;32m  OK  [0m] Created slice System Slice.
[    6.950582] systemd[1]: Listening on udev Kernel Socket.
[[0;32m  OK  [0m] Listening on udev Kernel Socket.
[[0;32m  OK  [0m] Listening on LVM2 poll daemon socket.
[[0;32m  OK  [0m] Listening on Device-mapper event daemon FIFOs.
[[0;32m  OK  [0m] Listening on Network Service Netlink Socket.
[[0;32m  OK  [0m] Created slice system-serial\x2dgetty.slice.
[[0;32m  OK  [0m] Listening on Journal Socket (/dev/log).
[[0;32m  OK  [0m] Listening on udev Control Socket.
[[0;32m  OK  [0m] Listening on /dev/initctl Compatibility Named Pipe.
[[0;32m  OK  [0m] Listening on Syslog Socket.
[[0;32m  OK  [0m] Listening on Journal Socket.
         Starting Load Kernel Modules...
         Starting Create list of required st…ce nodes for the current kernel...
         Starting Remount Root and Kernel File Systems...
         Mounting Kernel Debug File System...
[    7.045794] Loading iSCSI transport class v2.0-870.
         Starting Set the console keyboard layout...
[[0;32m  OK  [0m] Listening on LVM2 metadata daemon socket.
[    7.060349] iscsi: registered transport (tcp)
         Starting Monitoring of LVM2 mirrors…ng dmeventd or progress polling...
         Mounting POSIX Message Queue File System...
         Starting Uncomplicated firewall...
[[0;32m  OK  [0m] Created slice User and Session Slice.
[[0;32m  OK  [0m] Reached target Slices.
         Starting udev Coldplug all Devices...
         Mounting Huge Pages File System...
[[0;32m  OK  [0m] Reached target Swap.
[[0;32m  OK  [0m] Listening on Journal Audit Socket.
[    7.090325] iscsi: registered transport (iser)
         Starting Journal Service...[    7.095431] random: crng init done
[    7.096659] random: 7 urandom warning(s) missed due to ratelimiting

[[0;32m  OK  [0m] Reached target System Time Synchronized.
[[0;32m  OK  [0m] Started Forward Password Requests to Wall Directory Watch.
[[0;32m  OK  [0m] Started Load Kernel Modules.
[[0;32m  OK  [0m] Started Create list of required sta…vice nodes for the current kernel.
         Starting Create Static Device Nodes in /dev...
         Mounting FUSE Control File System...
         Mounting Kernel Configuration File System...
         Starting Apply Kernel Variables...
[[0;32m  OK  [0m] Started Uncomplicated firewall.
[[0;32m  OK  [0m] Mounted Kernel Debug File System.
[[0;32m  OK  [0m] Mounted POSIX Message Queue File System.
[[0;32m  OK  [0m] Mounted Huge Pages File System.
[[0;32m  OK  [0m] Mounted FUSE Control File System.
[[0;32m  OK  [0m] Mounted Kernel Configuration File System.
[[0;32m  OK  [0m] Started Journal Service.
[[0;32m  OK  [0m] Started udev Coldplug all Devices.
[[0;32m  OK  [0m] Started Remount Root and Kernel File Systems.
         Starting Flush Journal to Persistent Storage...
         Starting Load/Save Random Seed...
[[0;32m  OK  [0m] Started Create Static Device Nodes in /dev.
[[0;32m  OK  [0m] Started Apply Kernel Variables.
         Starting udev Kernel Device Manager...
[[0;32m  OK  [0m] Started LVM2 metadata daemon.
[[0;32m  OK  [0m] Started Load/Save Random Seed.
[[0;32m  OK  [0m] Started Set the console keyboard layout.
[[0;32m  OK  [0m] Started udev Kernel Device Manager.
[[0;32m  OK  [0m] Started Dispatch Password Requests to Console Directory Watch.
[[0;32m  OK  [0m] Reached target Local Encrypted Volumes.
[[0;32m  OK  [0m] Started Monitoring of LVM2 mirrors,…sing dmeventd or progress polling.
[[0;32m  OK  [0m] Reached target Local File Systems (Pre).
[[0;32m  OK  [0m] Reached target Local File Systems.
         Starting AppArmor initialization...
         Starting Set console font and keymap...
         Starting Tell Plymouth To Write Out Runtime Data...
         Starting ebtables ruleset management...
         Starting Commit a transient machine-id on disk...
[[0;32m  OK  [0m] Started Flush Journal to Persistent Storage.
         Starting Create Volatile Files and Directories...
[[0;32m  OK  [0m] Started Tell Plymouth To Write Out Runtime Data.
[[0;32m  OK  [0m] Started Set console font and keymap.
[[0;32m  OK  [0m] Started Create Volatile Files and Directories.
         Starting Update UTMP about System Boot/Shutdown...
[[0;32m  OK  [0m] Started Update UTMP about System Boot/Shutdown.
[[0;32m  OK  [0m] Started Commit a transient machine-id on disk.
[[0;32m  OK  [0m] Started ebtables ruleset management.
[[0;32m  OK  [0m] Found device /dev/ttyS0.
[[0;32m  OK  [0m] Listening on Load/Save RF Kill Switch Status /dev/rfkill Watch.
[[0;32m  OK  [0m] Started AppArmor initialization.
         Starting Initial cloud-init job (pre-networking)...
[   10.287158] cloud-init[535]: Cloud-init v. 19.1-1-gbaa47854-0ubuntu1~18.04.1 running 'init-local' at Mon, 16 Sep 2019 22:21:04 +0000. Up 9.93 seconds.
[[0;32m  OK  [0m] Started Initial cloud-init job (pre-networking).
[[0;32m  OK  [0m] Reached target Network (Pre).
         Starting Network Service...
[[0;32m  OK  [0m] Started Network Service.
         Starting Wait for Network to be Configured...
         Starting Network Name Resolution...
[[0;32m  OK  [0m] Started Network Name Resolution.
[[0;32m  OK  [0m] Reached target Host and Network Name Lookups.
[[0;32m  OK  [0m] Reached target Network.
[[0;32m  OK  [0m] Started Wait for Network to be Configured.
         Starting Initial cloud-init job (metadata service crawler)...
[   12.450943] cloud-init[644]: Cloud-init v. 19.1-1-gbaa47854-0ubuntu1~18.04.1 running 'init' at Mon, 16 Sep 2019 22:21:06 +0000. Up 12.25 seconds.
[   12.454552] cloud-init[644]: ci-info: ++++++++++++++++++++++++++++++++++++++Net device info+++++++++++++++++++++++++++++++++++++++
[   12.456900] cloud-init[644]: ci-info: +--------+-------+----------------------------+---------------+--------+-------------------+
[   12.460154] cloud-init[644]: ci-info: | Device |   Up  |          Address           |      Mask     | Scope  |     Hw-Address    |
[   12.462961] cloud-init[644]: ci-info: +--------+-------+----------------------------+---------------+--------+-------------------+
[   12.465867] cloud-init[644]: ci-info: | enp0s3 |  True |         10.0.2.15          | 255.255.255.0 | global | 02:76:54:76:58:75 |
[   12.468698] cloud-init[644]: ci-info: | enp0s3 |  True | fe80::76:54ff:fe76:5875/64 |       .       |  link  | 02:76:54:76:58:75 |
[   12.471420] cloud-init[644]: ci-info: | enp0s8 | False |             .              |       .       |   .    | 08:00:27:77:0a:6f |
[   12.474406] cloud-init[644]: ci-info: |   lo   |  True |         127.0.0.1          |   255.0.0.0   |  host  |         .         |
[   12.477334] cloud-init[644]: ci-info: |   lo   |  True |          ::1/128           |       .       |  host  |         .         |
[   12.481027] cloud-init[644]: ci-info: +--------+-------+----------------------------+---------------+--------+-------------------+
[   12.483759] cloud-init[644]: ci-info: ++++++++++++++++++++++++++++Route IPv4 info+++++++++++++++++++++++++++++
[   12.488437] cloud-init[644]: ci-info: +-------+-------------+----------+-----------------+-----------+-------+
[   12.490998] cloud-init[644]: ci-info: | Route | Destination | Gateway  |     Genmask     | Interface | Flags |
[   12.494337] cloud-init[644]: ci-info: +-------+-------------+----------+-----------------+-----------+-------+
[   12.497685] cloud-init[644]: ci-info: |   0   |   0.0.0.0   | 10.0.2.2 |     0.0.0.0     |   enp0s3  |   UG  |
[   12.499824] cloud-init[644]: ci-info: |   1   |   10.0.2.0  | 0.0.0.0  |  255.255.255.0  |   enp0s3  |   U   |
[   12.502277] cloud-init[644]: ci-info: |   2   |   10.0.2.2  | 0.0.0.0  | 255.255.255.255 |   enp0s3  |   UH  |
[   12.505650] cloud-init[644]: ci-info: +-------+-------------+----------+-----------------+-----------+-------+
[   12.508658] cloud-init[644]: ci-info: +++++++++++++++++++Route IPv6 info+++++++++++++++++++
[   12.510499] cloud-init[644]: ci-info: +-------+-------------+---------+-----------+-------+
[   12.512566] cloud-init[644]: ci-info: | Route | Destination | Gateway | Interface | Flags |
[   12.514660] cloud-init[644]: ci-info: +-------+-------------+---------+-----------+-------+
[   12.516837] cloud-init[644]: ci-info: |   1   |  fe80::/64  |    ::   |   enp0s3  |   U   |
[   12.519079] cloud-init[644]: ci-info: |   3   |    local    |    ::   |   enp0s3  |   U   |
[   12.520965] cloud-init[644]: ci-info: |   4   |   ff00::/8  |    ::   |   enp0s3  |   U   |
[   12.523360] cloud-init[644]: ci-info: +-------+-------------+---------+-----------+-------+
[   13.371470] cloud-init[644]: Generating public/private rsa key pair.
[   13.377114] cloud-init[644]: Your identification has been saved in /etc/ssh/ssh_host_rsa_key.
[   13.384331] cloud-init[644]: Your public key has been saved in /etc/ssh/ssh_host_rsa_key.pub.
[   13.391655] cloud-init[644]: The key fingerprint is:
[   13.396886] cloud-init[644]: SHA256:WgyuLHSG/h5RFQVS1G2OMjxjPxE64QuOjrCEB+Kn+XU root@ubuntu-bionic
[   13.404555] cloud-init[644]: The key's randomart image is:
[   13.408265] cloud-init[644]: +---[RSA 2048]----+
[   13.411911] cloud-init[644]: |      .o*=..     |
[   13.416461] cloud-init[644]: |       o. o o    |
[   13.421387] cloud-init[644]: |      oo o =     |
[   13.425226] cloud-init[644]: |o  . o.o@ o .    |
[   13.429077] cloud-init[644]: |+.o +o.oSO .     |
[   13.432706] cloud-init[644]: |o=.=.o.o. o      |[[0;32m  OK  [0m] Started Initial cloud-init job (metadata service crawler).
[[0;32m  OK  [0m] Reached target System Initialization.
[[0;32m  OK  [0m] Listening on Open-iSCSI iscsid Socket.
[[0;32m  OK  [0m] Started Discard unused blocks once a week.
[[0;32m  OK  [0m
] [   13.438250] cloud-init[644]: |.+*o+..E   .     |
[   13.438307] cloud-init[644]: |.o.oo..          |
[   13.438956] cloud-init[644]: |  .oo            |
[   13.439601] cloud-init[644]: +----[SHA256]-----+
Listening on ACPID Listen Socket.
[   13.440120] cloud-init[644]: Generating public/private dsa key pair.
[   13.443086] cloud-init[644]: Your identification has been saved in /etc/ssh/ssh_host_dsa_key.
[   13.445579] cloud-init[644]: Your public key has been saved in /etc/ssh/ssh_host_dsa_key.pub.
[   13.448326] cloud-init[644]: The key fingerprint is:
[   13.450190] cloud-init[644]: SHA256:OOBkI50YJnGLsHlYmnl4Kzap0WSB7KaWNIJg5PqdlPc root@ubuntu-bionic
[   13.450364] cloud-init[644]: The key's randomart image is:
[   13.452518] cloud-init[644]: +---[DSA 1024]----+
[   13.454041] cloud-init[644]: |*+*              |
[   13.456830] cloud-init[644]: |=^ * .           |
[   13.456895] cloud-init[644]: |#.X B            |
[   13.457887] cloud-init[644]: |+%.* + .         |
[   13.459443] cloud-init[644]: |O+= + + S        |
[   13.461240] cloud-init[644]: |+*.o o o         |
[   13.462172] cloud-init[644]: |o . o   E        |
[   13.463516] cloud-init[644]: |                 |
[   13.464709] cloud-init[644]: |                 |
[   13.465698] cloud-init[644]: +----[SHA256]-----+
[   13.466757] cloud-init[644]: Generating public/private ecdsa key pair.
[   13.468510] cloud-init[644]: Your identification has been saved in /etc/ssh/ssh_host_ecdsa_key.
[   13.469714] cloud-init[644]: Your public key has been saved in /etc/ssh/ssh_host_ecdsa_key.pub.
[   13.471274] cloud-init[644]: The key fingerprint is:
[   13.473114] cloud-init[644]: SHA256:yMzAejPVY56U1VLif5XsmIO3MafM57SPYCMPaQlQ62g root@ubuntu-bionic
[   13.474350] cloud-init[644]: The key's randomart image is:
[   13.475330] cloud-init[644]: +---[ECDSA 256]---+
[   13.475893] cloud-init[644]: |        . oo.    |
[   13.477336] cloud-init[644]: |   .   o =... . .|
[   13.478912] cloud-init[644]: |    o o B ..   o.|
[   13.480782] cloud-init[644]: |   . * O o .. +. |
[   13.481929] cloud-init[644]: |  . + E S  ..B.o |
[   13.482886] cloud-init[644]: |   . +   . o+.B  |
[   13.483867] cloud-init[644]: |          * += o |
[   13.485366] cloud-init[644]: |         . = o+..|
[   13.490976] cloud-init[644]: |            . .oo|
[   13.492910] cloud-init[644]: +----[SHA256]-----+
[   13.498360] cloud-init[644]: Generating public/private ed25519 key pair.
[   13.498451] cloud-init[644]: Your identification has been saved in /etc/ssh/ssh_host_ed25519_key.
[   13.499088]          Starting Socket activation for snappy daemon.
cloud-init[644]: Your public key has been saved in /etc/ssh/ssh_host_ed25519_key.pub.
[   13.509063] cloud-init[644]: The key fingerprint is:
[   13.512402] cloud-init[644]: SHA256:nkTIKahVCBdcCaKybCr8+94DUDdBqOKo0X6a+kevrpE root@ubuntu-bionic
[   13.514414] cloud-init[644]: [[0;32m  OK  [0m] Listening on D-Bus System Message Bus Socket.
The key's randomart image is:
         Starting LXD - unix socket.
[[0;32m  OK  [0m] Listening on UUID daemon activation socket.
[[0;32m  OK  [0m] Started Daily Cleanup of Temporary Directories.
[[0;32m  OK  [0m] Started Daily apt download activities.
[   13.531451] cloud-init[644]: +--[ED25519 256]--+
[   13.546751] cloud-init[644]: |oo+=o.oo.        |
[   13.547673] cloud-init[644]: |.ooo.+ =         |
[   13.549263] cloud-init[644]: |o o + = o        |
[[0;32m  OK  [0m] Started Daily apt upgrade and clean activities.
[   13.551889] cloud-init[644]: |o= o . .         |
[   13.553618] cloud-init[644]: |=+. .   S        |
[   13.554193] cloud-init[644]: |*..... o .       |
[   13.554780] cloud-init[644]: |++E. .. o        |
[   13.555369] cloud-init[644]: |o ooo o.         |
[   13.555903] cloud-init[644]: |.o=O*+ ..        |
[   13.568511] cloud-init[644]: +----[SHA256]-----+
[[0;32m  OK  [0m] Started ACPI Events Check.
[[0;32m  OK  [0m] Reached target Paths.
[[0;32m  OK  [0m] Started Message of the Day.
[[0;32m  OK  [0m] Reached target Timers.
[[0;32m  OK  [0m] Reached target Network is Online.
         Starting Availability of block devices...
[[0;32m  OK  [0m] Reached target Remote File Systems (Pre).
[[0;32m  OK  [0m] Reached target Remote File Systems.
[[0;32m  OK  [0m] Reached target Cloud-config availability.
[[0;32m  OK  [0m] Listening on Socket activation for snappy daemon.
[[0;32m  OK  [0m] Listening on LXD - unix socket.
[[0;32m  OK  [0m] Started Availability of block devices.
[[0;32m  OK  [0m] Reached target Sockets.
[[0;32m  OK  [0m] Reached target Basic System.
[[0;32m  OK  [0m] Started D-Bus System Message Bus.
[[0;32m  OK  [0m] Started FUSE filesystem for LXC.
         Starting Accounts Service...
         Starting System Logging Service...
[[0;32m  OK  [0m] Started Regular background program processing daemon.
         Starting LSB: automatic crash report generation...
[[0;32m  OK  [0m] Started irqbalance daemon.
         Starting Snappy daemon...
         Starting Permit User Sessions...
         Starting LSB: Record successful boot for GRUB...
         Starting Dispatcher daemon for systemd-networkd...
         Starting Virtualbox guest utils...
         Starting Login Service...
         Starting Pollinate to seed the pseudo random number generator...
         Starting LXD - container startup/shutdown...
[[0;32m  OK  [0m] Started Deferred execution scheduler.
[[0;32m  OK  [0m] Started System Logging Service.
[[0;32m  OK  [0m] Started Permit User Sessions.
         Starting Authorization Manager...
         Starting Hold until boot process finishes up...
         Starting Terminate Plymouth Boot Screen...
[[0;32m  OK  [0m] Started Hold until boot process finishes up.
[[0;32m  OK  [0m] Started Login Service.
[[0;32m  OK  [0m] Started Unattended Upgrades Shutdown.
         Starting Set console scheme...
[[0;32m  OK  [0m] Started Serial Getty on ttyS0.
[[0;32m  OK  [0m] Started Terminate Plymouth Boot Screen.
[[0;32m  OK  [0m] Started LSB: automatic crash report generation.
[[0;32m  OK  [0m] Started Set console scheme.
[[0;32m  OK  [0m] Created slice system-getty.slice.
[[0;32m  OK  [0m] Started Getty on tty1.
[[0;32m  OK  [0m] Reached target Login Prompts.
[[0;32m  OK  [0m] Started LSB: Record successful boot for GRUB.
[[0;32m  OK  [0m] Started Authorization Manager.
[[0;32m  OK  [0m] Started Accounts Service.
[[0;32m  OK  [0m] Started Virtualbox guest utils.
[[0;32m  OK  [0m] Started LXD - container startup/shutdown.
[[0;32m  OK  [0m] Started Dispatcher daemon for systemd-networkd.
[[0;32m  OK  [0m] Started Snappy daemon.
         Starting Wait until snapd is fully seeded...
[[0;32m  OK  [0m] Started Pollinate to seed the pseudo random number generator.
         Starting OpenBSD Secure Shell server...
[[0;32m  OK  [0m] Started OpenBSD Secure Shell server.
[[0;32m  OK  [0m] Created slice User Slice of vagrant.
         Starting User Manager for UID 1000...
[[0;32m  OK  [0m] Started Session 1 of user vagrant.
[[0;32m  OK  [0m] Started User Manager for UID 1000.
[[0;32m  OK  [0m] Started Wait until snapd is fully seeded.
         Starting Apply the settings specified in cloud-config...
[[0;32m  OK  [0m] Reached target Multi-User System.
[[0;32m  OK  [0m] Reached target Graphical Interface.
         Starting Update UTMP about System Runlevel Changes...
[[0;32m  OK  [0m] Started Update UTMP about System Runlevel Changes.
[   19.889142] cloud-init[1296]: Cloud-init v. 19.1-1-gbaa47854-0ubuntu1~18.04.1 running 'modules:config' at Mon, 16 Sep 2019 22:21:13 +0000. Up 19.18 seconds.

Ubuntu 18.04.3 LTS ubuntu-bionic ttyS0

ubuntu-bionic login: ci-info: no authorized ssh keys fingerprints found for user ubuntu.
<14>Sep 16 22:21:14 ec2: 
<14>Sep 16 22:21:14 ec2: #############################################################
<14>Sep 16 22:21:14 ec2: -----BEGIN SSH HOST KEY FINGERPRINTS-----
<14>Sep 16 22:21:14 ec2: 1024 SHA256:OOBkI50YJnGLsHlYmnl4Kzap0WSB7KaWNIJg5PqdlPc root@ubuntu-bionic (DSA)
<14>Sep 16 22:21:14 ec2: 256 SHA256:yMzAejPVY56U1VLif5XsmIO3MafM57SPYCMPaQlQ62g root@ubuntu-bionic (ECDSA)
<14>Sep 16 22:21:14 ec2: 256 SHA256:nkTIKahVCBdcCaKybCr8+94DUDdBqOKo0X6a+kevrpE root@ubuntu-bionic (ED25519)
<14>Sep 16 22:21:14 ec2: 2048 SHA256:WgyuLHSG/h5RFQVS1G2OMjxjPxE64QuOjrCEB+Kn+XU root@ubuntu-bionic (RSA)
<14>Sep 16 22:21:15 ec2: -----END SSH HOST KEY FINGERPRINTS-----
<14>Sep 16 22:21:15 ec2: #############################################################
-----BEGIN SSH HOST KEY KEYS-----
ecdsa-sha2-nistp256 AAAAE2VjZHNhLXNoYTItbmlzdHAyNTYAAAAIbmlzdHAyNTYAAABBBDmhnn92fl0J6m5TsKAp5vzT+Vv43Jt2NzYnHXcuGCzVIuSKTg+x5Jf6oi07MWdXylmqLkuLNS6Q+0t7HlrCxXE= root@ubuntu-bionic
ssh-ed25519 AAAAC3NzaC1lZDI1NTE5AAAAIGHmBXQmTrboWpITJAYXaF9wDVVpyqXDR26YUdmaU/+t root@ubuntu-bionic
ssh-rsa AAAAB3NzaC1yc2EAAAADAQABAAABAQDM3Q6vgpBBTDrUv+DfPIWoL51e5zwR9rOCV1RetT/DlLcCobas5CPQWIyAkcq7f/GoOB6OT/ezC/hRvzSPI4TYXAswPFBOUuxFMu3klWTyHX9pgKRSmFn34HM8Q9iLmHT3zG7HZ1SHrYnGaGuQGuMtRjUDMyfFVcWqCc5inBFaxbsOllI1oZTt84ds9RsESfGYE2TfQRZMn2LLdQjWr0Sbja+bWE3a0iscDu+342YzRXBkBXB8xqCtzQcFfDsoN+Xbg3XcoaVDM6+7rWl48yxDK3ePQfA4EnNeewYKQpLRyBbLvE7RuHzX+GLD/gbz52I7sysCG6Jxa0uW9QfdQoDl root@ubuntu-bionic
-----END SSH HOST KEY KEYS-----
[   20.830520] cloud-init[1530]: Cloud-init v. 19.1-1-gbaa47854-0ubuntu1~18.04.1 running 'modules:final' at Mon, 16 Sep 2019 22:21:14 +0000. Up 20.45 seconds.
[   20.833839] cloud-init[1530]: ci-info: no authorized ssh keys fingerprints found for user ubuntu.
[   20.835616] cloud-init[1530]: Cloud-init v. 19.1-1-gbaa47854-0ubuntu1~18.04.1 finished at Mon, 16 Sep 2019 22:21:15 +0000. Datasource DataSourceNoCloud [seed=/dev/sdb][dsmode=net].  Up 20.81 seconds
